1494330010.307098 client started (17806): version 2.4, socket /private/tmp/tmux-501/default, protocol 8
1494330010.307137 on Darwin 16.5.0 Darwin Kernel Version 16.5.0: Fri Mar  3 16:52:33 PST 2017; root:xnu-3789.51.2~3/RELEASE_X86_64; libevent 2.1.8-stable (select)
1494330010.307178 socket is /private/tmp/tmux-501/default
1494330010.307195 trying connect
1494330010.307217 connect failed: Connection refused
1494330010.307292 lock file is /private/tmp/tmux-501/default.lock
1494330010.307392 flock succeeded
1494330010.307397 got lock (6)
1494330010.307402 trying connect
1494330010.307409 connect failed: Connection refused
1494330010.307827 add peer 0x7fb52181ca00: 7 (0x0)
1494330010.309002 sending message 100 to peer 0x7fb52181ca00 (4 bytes)
1494330010.309020 sending message 101 to peer 0x7fb52181ca00 (15 bytes)
1494330010.309024 sending message 102 to peer 0x7fb52181ca00 (13 bytes)
1494330010.309028 sending message 108 to peer 0x7fb52181ca00 (22 bytes)
1494330010.309039 sending message 104 to peer 0x7fb52181ca00 (0 bytes)
1494330010.309042 sending message 107 to peer 0x7fb52181ca00 (4 bytes)
1494330010.309046 sending message 105 to peer 0x7fb52181ca00 (57 bytes)
1494330010.309049 sending message 105 to peer 0x7fb52181ca00 (24 bytes)
1494330010.309053 sending message 105 to peer 0x7fb52181ca00 (76 bytes)
1494330010.309056 sending message 105 to peer 0x7fb52181ca00 (27 bytes)
1494330010.309060 sending message 105 to peer 0x7fb52181ca00 (17 bytes)
1494330010.309063 sending message 105 to peer 0x7fb52181ca00 (28 bytes)
1494330010.309067 sending message 105 to peer 0x7fb52181ca00 (19 bytes)
1494330010.309070 sending message 105 to peer 0x7fb52181ca00 (14 bytes)
1494330010.309074 sending message 105 to peer 0x7fb52181ca00 (53 bytes)
1494330010.309077 sending message 105 to peer 0x7fb52181ca00 (66 bytes)
1494330010.309081 sending message 105 to peer 0x7fb52181ca00 (20 bytes)
1494330010.309084 sending message 105 to peer 0x7fb52181ca00 (38 bytes)
1494330010.309088 sending message 105 to peer 0x7fb52181ca00 (15 bytes)
1494330010.309091 sending message 105 to peer 0x7fb52181ca00 (17 bytes)
1494330010.309094 sending message 105 to peer 0x7fb52181ca00 (13 bytes)
1494330010.309098 sending message 105 to peer 0x7fb52181ca00 (10 bytes)
1494330010.309101 sending message 105 to peer 0x7fb52181ca00 (184 bytes)
1494330010.309105 sending message 105 to peer 0x7fb52181ca00 (8 bytes)
1494330010.309108 sending message 105 to peer 0x7fb52181ca00 (26 bytes)
1494330010.309111 sending message 105 to peer 0x7fb52181ca00 (29 bytes)
1494330010.309115 sending message 105 to peer 0x7fb52181ca00 (27 bytes)
1494330010.309118 sending message 105 to peer 0x7fb52181ca00 (11 bytes)
1494330010.309121 sending message 105 to peer 0x7fb52181ca00 (8 bytes)
1494330010.309125 sending message 105 to peer 0x7fb52181ca00 (21 bytes)
1494330010.309128 sending message 105 to peer 0x7fb52181ca00 (32 bytes)
1494330010.309131 sending message 105 to peer 0x7fb52181ca00 (30 bytes)
1494330010.309135 sending message 105 to peer 0x7fb52181ca00 (75 bytes)
1494330010.309138 sending message 105 to peer 0x7fb52181ca00 (34 bytes)
1494330010.309141 sending message 105 to peer 0x7fb52181ca00 (74 bytes)
1494330010.309145 sending message 105 to peer 0x7fb52181ca00 (24 bytes)
1494330010.309148 sending message 105 to peer 0x7fb52181ca00 (16 bytes)
1494330010.309151 sending message 105 to peer 0x7fb52181ca00 (51 bytes)
1494330010.309155 sending message 105 to peer 0x7fb52181ca00 (12 bytes)
1494330010.309158 sending message 105 to peer 0x7fb52181ca00 (24 bytes)
1494330010.309162 sending message 105 to peer 0x7fb52181ca00 (45 bytes)
1494330010.309165 sending message 105 to peer 0x7fb52181ca00 (75 bytes)
1494330010.309168 sending message 105 to peer 0x7fb52181ca00 (23 bytes)
1494330010.309172 sending message 105 to peer 0x7fb52181ca00 (26 bytes)
1494330010.309175 sending message 105 to peer 0x7fb52181ca00 (34 bytes)
1494330010.309178 sending message 105 to peer 0x7fb52181ca00 (20 bytes)
1494330010.309182 sending message 105 to peer 0x7fb52181ca00 (17 bytes)
1494330010.309185 sending message 105 to peer 0x7fb52181ca00 (22 bytes)
1494330010.309203 sending message 105 to peer 0x7fb52181ca00 (20 bytes)
1494330010.309207 sending message 105 to peer 0x7fb52181ca00 (28 bytes)
1494330010.309210 sending message 105 to peer 0x7fb52181ca00 (20 bytes)
1494330010.309214 sending message 105 to peer 0x7fb52181ca00 (14 bytes)
1494330010.309217 sending message 105 to peer 0x7fb52181ca00 (15 bytes)
1494330010.309220 sending message 105 to peer 0x7fb52181ca00 (27 bytes)
1494330010.309224 sending message 105 to peer 0x7fb52181ca00 (18 bytes)
1494330010.309227 sending message 105 to peer 0x7fb52181ca00 (14 bytes)
1494330010.309230 sending message 105 to peer 0x7fb52181ca00 (18 bytes)
1494330010.309233 sending message 105 to peer 0x7fb52181ca00 (20 bytes)
1494330010.309237 sending message 105 to peer 0x7fb52181ca00 (11 bytes)
1494330010.309240 sending message 105 to peer 0x7fb52181ca00 (16 bytes)
1494330010.309243 sending message 105 to peer 0x7fb52181ca00 (15 bytes)
1494330010.309246 sending message 105 to peer 0x7fb52181ca00 (15 bytes)
1494330010.309250 sending message 105 to peer 0x7fb52181ca00 (15 bytes)
1494330010.309253 sending message 105 to peer 0x7fb52181ca00 (23 bytes)
1494330010.309256 sending message 105 to peer 0x7fb52181ca00 (15 bytes)
1494330010.309260 sending message 105 to peer 0x7fb52181ca00 (17 bytes)
1494330010.309263 sending message 105 to peer 0x7fb52181ca00 (9 bytes)
1494330010.309266 sending message 105 to peer 0x7fb52181ca00 (17 bytes)
1494330010.309270 sending message 105 to peer 0x7fb52181ca00 (14 bytes)
1494330010.309273 sending message 105 to peer 0x7fb52181ca00 (18 bytes)
1494330010.309277 sending message 105 to peer 0x7fb52181ca00 (10 bytes)
1494330010.309280 sending message 105 to peer 0x7fb52181ca00 (22 bytes)
1494330010.309284 sending message 105 to peer 0x7fb52181ca00 (17 bytes)
1494330010.309287 sending message 105 to peer 0x7fb52181ca00 (15 bytes)
1494330010.309290 sending message 106 to peer 0x7fb52181ca00 (0 bytes)
1494330010.309294 sending message 200 to peer 0x7fb52181ca00 (16 bytes)
1494330010.309298 client loop enter
1494330010.332206 peer 0x7fb52181ca00 message 207
1494330010.332221 sending message 208 to peer 0x7fb52181ca00 (0 bytes)
1494330026.145172 peer 0x7fb52181ca00 message 201
1494330026.145186 sending message 205 to peer 0x7fb52181ca00 (0 bytes)
1494330026.145484 peer 0x7fb52181ca00 message 204
1494330026.145490 client loop exit
