1494330061.301728 client started (18483): version 2.4, socket /private/tmp/tmux-501/default, protocol 8
1494330061.301833 on Darwin 16.5.0 Darwin Kernel Version 16.5.0: Fri Mar  3 16:52:33 PST 2017; root:xnu-3789.51.2~3/RELEASE_X86_64; libevent 2.1.8-stable (select)
1494330061.301876 socket is /private/tmp/tmux-501/default
1494330061.301894 trying connect
1494330061.301984 connect failed: Connection refused
1494330061.302089 lock file is /private/tmp/tmux-501/default.lock
1494330061.302225 flock succeeded
1494330061.302230 got lock (6)
1494330061.302236 trying connect
1494330061.302243 connect failed: Connection refused
1494330061.302689 add peer 0x7f9390000800: 7 (0x0)
1494330061.303830 sending message 100 to peer 0x7f9390000800 (4 bytes)
1494330061.303848 sending message 101 to peer 0x7f9390000800 (15 bytes)
1494330061.303852 sending message 102 to peer 0x7f9390000800 (13 bytes)
1494330061.303856 sending message 108 to peer 0x7f9390000800 (22 bytes)
1494330061.303867 sending message 104 to peer 0x7f9390000800 (0 bytes)
1494330061.303871 sending message 107 to peer 0x7f9390000800 (4 bytes)
1494330061.303875 sending message 105 to peer 0x7f9390000800 (57 bytes)
1494330061.303879 sending message 105 to peer 0x7f9390000800 (24 bytes)
1494330061.303882 sending message 105 to peer 0x7f9390000800 (76 bytes)
1494330061.303886 sending message 105 to peer 0x7f9390000800 (27 bytes)
1494330061.303889 sending message 105 to peer 0x7f9390000800 (17 bytes)
1494330061.303893 sending message 105 to peer 0x7f9390000800 (28 bytes)
1494330061.303896 sending message 105 to peer 0x7f9390000800 (19 bytes)
1494330061.303900 sending message 105 to peer 0x7f9390000800 (14 bytes)
1494330061.303903 sending message 105 to peer 0x7f9390000800 (53 bytes)
1494330061.303907 sending message 105 to peer 0x7f9390000800 (66 bytes)
1494330061.303910 sending message 105 to peer 0x7f9390000800 (20 bytes)
1494330061.303914 sending message 105 to peer 0x7f9390000800 (38 bytes)
1494330061.303918 sending message 105 to peer 0x7f9390000800 (15 bytes)
1494330061.303921 sending message 105 to peer 0x7f9390000800 (17 bytes)
1494330061.303925 sending message 105 to peer 0x7f9390000800 (13 bytes)
1494330061.303928 sending message 105 to peer 0x7f9390000800 (10 bytes)
1494330061.303932 sending message 105 to peer 0x7f9390000800 (184 bytes)
1494330061.303936 sending message 105 to peer 0x7f9390000800 (8 bytes)
1494330061.303939 sending message 105 to peer 0x7f9390000800 (26 bytes)
1494330061.303943 sending message 105 to peer 0x7f9390000800 (29 bytes)
1494330061.303946 sending message 105 to peer 0x7f9390000800 (27 bytes)
1494330061.303950 sending message 105 to peer 0x7f9390000800 (11 bytes)
1494330061.303953 sending message 105 to peer 0x7f9390000800 (8 bytes)
1494330061.303960 sending message 105 to peer 0x7f9390000800 (21 bytes)
1494330061.303964 sending message 105 to peer 0x7f9390000800 (32 bytes)
1494330061.303967 sending message 105 to peer 0x7f9390000800 (30 bytes)
1494330061.303971 sending message 105 to peer 0x7f9390000800 (75 bytes)
1494330061.303974 sending message 105 to peer 0x7f9390000800 (34 bytes)
1494330061.303978 sending message 105 to peer 0x7f9390000800 (74 bytes)
1494330061.303981 sending message 105 to peer 0x7f9390000800 (24 bytes)
1494330061.303985 sending message 105 to peer 0x7f9390000800 (16 bytes)
1494330061.303988 sending message 105 to peer 0x7f9390000800 (51 bytes)
1494330061.303992 sending message 105 to peer 0x7f9390000800 (12 bytes)
1494330061.303995 sending message 105 to peer 0x7f9390000800 (24 bytes)
1494330061.303999 sending message 105 to peer 0x7f9390000800 (45 bytes)
1494330061.304002 sending message 105 to peer 0x7f9390000800 (75 bytes)
1494330061.304006 sending message 105 to peer 0x7f9390000800 (23 bytes)
1494330061.304009 sending message 105 to peer 0x7f9390000800 (26 bytes)
1494330061.304013 sending message 105 to peer 0x7f9390000800 (34 bytes)
1494330061.304017 sending message 105 to peer 0x7f9390000800 (20 bytes)
1494330061.304020 sending message 105 to peer 0x7f9390000800 (17 bytes)
1494330061.304023 sending message 105 to peer 0x7f9390000800 (22 bytes)
1494330061.304038 sending message 105 to peer 0x7f9390000800 (20 bytes)
1494330061.304042 sending message 105 to peer 0x7f9390000800 (28 bytes)
1494330061.304046 sending message 105 to peer 0x7f9390000800 (20 bytes)
1494330061.304049 sending message 105 to peer 0x7f9390000800 (14 bytes)
1494330061.304052 sending message 105 to peer 0x7f9390000800 (15 bytes)
1494330061.304056 sending message 105 to peer 0x7f9390000800 (27 bytes)
1494330061.304059 sending message 105 to peer 0x7f9390000800 (18 bytes)
1494330061.304063 sending message 105 to peer 0x7f9390000800 (14 bytes)
1494330061.304066 sending message 105 to peer 0x7f9390000800 (18 bytes)
1494330061.304070 sending message 105 to peer 0x7f9390000800 (20 bytes)
1494330061.304073 sending message 105 to peer 0x7f9390000800 (11 bytes)
1494330061.304077 sending message 105 to peer 0x7f9390000800 (16 bytes)
1494330061.304080 sending message 105 to peer 0x7f9390000800 (15 bytes)
1494330061.304084 sending message 105 to peer 0x7f9390000800 (15 bytes)
1494330061.304087 sending message 105 to peer 0x7f9390000800 (15 bytes)
1494330061.304091 sending message 105 to peer 0x7f9390000800 (23 bytes)
1494330061.304094 sending message 105 to peer 0x7f9390000800 (15 bytes)
1494330061.304100 sending message 105 to peer 0x7f9390000800 (17 bytes)
1494330061.304104 sending message 105 to peer 0x7f9390000800 (9 bytes)
1494330061.304107 sending message 105 to peer 0x7f9390000800 (17 bytes)
1494330061.304111 sending message 105 to peer 0x7f9390000800 (14 bytes)
1494330061.304114 sending message 105 to peer 0x7f9390000800 (18 bytes)
1494330061.304118 sending message 105 to peer 0x7f9390000800 (10 bytes)
1494330061.304121 sending message 105 to peer 0x7f9390000800 (22 bytes)
1494330061.304125 sending message 105 to peer 0x7f9390000800 (17 bytes)
1494330061.304128 sending message 105 to peer 0x7f9390000800 (15 bytes)
1494330061.304131 sending message 106 to peer 0x7f9390000800 (0 bytes)
1494330061.304136 sending message 200 to peer 0x7f9390000800 (16 bytes)
1494330061.304140 client loop enter
1494330061.327796 peer 0x7f9390000800 message 207
1494330061.327808 sending message 208 to peer 0x7f9390000800 (0 bytes)
1494330072.589240 peer 0x7f9390000800 message 201
1494330072.589254 sending message 205 to peer 0x7f9390000800 (0 bytes)
1494330072.589520 peer 0x7f9390000800 message 204
1494330072.589524 client loop exit
