1494329965.605220 client started (17287): version 2.4, socket /private/tmp/tmux-501/default, protocol 8
1494329965.605248 on Darwin 16.5.0 Darwin Kernel Version 16.5.0: Fri Mar  3 16:52:33 PST 2017; root:xnu-3789.51.2~3/RELEASE_X86_64; libevent 2.1.8-stable (select)
1494329965.605289 socket is /private/tmp/tmux-501/default
1494329965.605306 trying connect
1494329965.605329 connect failed: Connection refused
1494329965.605402 lock file is /private/tmp/tmux-501/default.lock
1494329965.605533 flock succeeded
1494329965.605539 got lock (6)
1494329965.605545 trying connect
1494329965.605551 connect failed: Connection refused
1494329965.605947 add peer 0x7fa6b101d000: 7 (0x0)
1494329965.607288 sending message 100 to peer 0x7fa6b101d000 (4 bytes)
1494329965.607312 sending message 101 to peer 0x7fa6b101d000 (15 bytes)
1494329965.607317 sending message 102 to peer 0x7fa6b101d000 (13 bytes)
1494329965.607321 sending message 108 to peer 0x7fa6b101d000 (22 bytes)
1494329965.607333 sending message 104 to peer 0x7fa6b101d000 (0 bytes)
1494329965.607337 sending message 107 to peer 0x7fa6b101d000 (4 bytes)
1494329965.607341 sending message 105 to peer 0x7fa6b101d000 (57 bytes)
1494329965.607345 sending message 105 to peer 0x7fa6b101d000 (24 bytes)
1494329965.607348 sending message 105 to peer 0x7fa6b101d000 (76 bytes)
1494329965.607352 sending message 105 to peer 0x7fa6b101d000 (27 bytes)
1494329965.607355 sending message 105 to peer 0x7fa6b101d000 (17 bytes)
1494329965.607359 sending message 105 to peer 0x7fa6b101d000 (28 bytes)
1494329965.607363 sending message 105 to peer 0x7fa6b101d000 (19 bytes)
1494329965.607366 sending message 105 to peer 0x7fa6b101d000 (14 bytes)
1494329965.607370 sending message 105 to peer 0x7fa6b101d000 (53 bytes)
1494329965.607374 sending message 105 to peer 0x7fa6b101d000 (66 bytes)
1494329965.607377 sending message 105 to peer 0x7fa6b101d000 (20 bytes)
1494329965.607381 sending message 105 to peer 0x7fa6b101d000 (38 bytes)
1494329965.607384 sending message 105 to peer 0x7fa6b101d000 (15 bytes)
1494329965.607388 sending message 105 to peer 0x7fa6b101d000 (17 bytes)
1494329965.607391 sending message 105 to peer 0x7fa6b101d000 (13 bytes)
1494329965.607395 sending message 105 to peer 0x7fa6b101d000 (10 bytes)
1494329965.607399 sending message 105 to peer 0x7fa6b101d000 (184 bytes)
1494329965.607402 sending message 105 to peer 0x7fa6b101d000 (8 bytes)
1494329965.607406 sending message 105 to peer 0x7fa6b101d000 (26 bytes)
1494329965.607409 sending message 105 to peer 0x7fa6b101d000 (29 bytes)
1494329965.607413 sending message 105 to peer 0x7fa6b101d000 (27 bytes)
1494329965.607416 sending message 105 to peer 0x7fa6b101d000 (11 bytes)
1494329965.607420 sending message 105 to peer 0x7fa6b101d000 (8 bytes)
1494329965.607423 sending message 105 to peer 0x7fa6b101d000 (21 bytes)
1494329965.607427 sending message 105 to peer 0x7fa6b101d000 (32 bytes)
1494329965.607433 sending message 105 to peer 0x7fa6b101d000 (30 bytes)
1494329965.607437 sending message 105 to peer 0x7fa6b101d000 (75 bytes)
1494329965.607440 sending message 105 to peer 0x7fa6b101d000 (34 bytes)
1494329965.607444 sending message 105 to peer 0x7fa6b101d000 (74 bytes)
1494329965.607448 sending message 105 to peer 0x7fa6b101d000 (24 bytes)
1494329965.607451 sending message 105 to peer 0x7fa6b101d000 (16 bytes)
1494329965.607455 sending message 105 to peer 0x7fa6b101d000 (51 bytes)
1494329965.607458 sending message 105 to peer 0x7fa6b101d000 (12 bytes)
1494329965.607462 sending message 105 to peer 0x7fa6b101d000 (24 bytes)
1494329965.607465 sending message 105 to peer 0x7fa6b101d000 (45 bytes)
1494329965.607469 sending message 105 to peer 0x7fa6b101d000 (75 bytes)
1494329965.607473 sending message 105 to peer 0x7fa6b101d000 (23 bytes)
1494329965.607476 sending message 105 to peer 0x7fa6b101d000 (26 bytes)
1494329965.607479 sending message 105 to peer 0x7fa6b101d000 (34 bytes)
1494329965.607483 sending message 105 to peer 0x7fa6b101d000 (20 bytes)
1494329965.607486 sending message 105 to peer 0x7fa6b101d000 (17 bytes)
1494329965.607490 sending message 105 to peer 0x7fa6b101d000 (22 bytes)
1494329965.607530 sending message 105 to peer 0x7fa6b101d000 (20 bytes)
1494329965.607534 sending message 105 to peer 0x7fa6b101d000 (28 bytes)
1494329965.607537 sending message 105 to peer 0x7fa6b101d000 (20 bytes)
1494329965.607541 sending message 105 to peer 0x7fa6b101d000 (14 bytes)
1494329965.607544 sending message 105 to peer 0x7fa6b101d000 (15 bytes)
1494329965.607548 sending message 105 to peer 0x7fa6b101d000 (27 bytes)
1494329965.607551 sending message 105 to peer 0x7fa6b101d000 (18 bytes)
1494329965.607554 sending message 105 to peer 0x7fa6b101d000 (14 bytes)
1494329965.607558 sending message 105 to peer 0x7fa6b101d000 (18 bytes)
1494329965.607561 sending message 105 to peer 0x7fa6b101d000 (20 bytes)
1494329965.607565 sending message 105 to peer 0x7fa6b101d000 (11 bytes)
1494329965.607568 sending message 105 to peer 0x7fa6b101d000 (16 bytes)
1494329965.607572 sending message 105 to peer 0x7fa6b101d000 (15 bytes)
1494329965.607575 sending message 105 to peer 0x7fa6b101d000 (15 bytes)
1494329965.607579 sending message 105 to peer 0x7fa6b101d000 (15 bytes)
1494329965.607582 sending message 105 to peer 0x7fa6b101d000 (23 bytes)
1494329965.607586 sending message 105 to peer 0x7fa6b101d000 (15 bytes)
1494329965.607589 sending message 105 to peer 0x7fa6b101d000 (17 bytes)
1494329965.607593 sending message 105 to peer 0x7fa6b101d000 (9 bytes)
1494329965.607597 sending message 105 to peer 0x7fa6b101d000 (17 bytes)
1494329965.607600 sending message 105 to peer 0x7fa6b101d000 (14 bytes)
1494329965.607606 sending message 105 to peer 0x7fa6b101d000 (18 bytes)
1494329965.607610 sending message 105 to peer 0x7fa6b101d000 (10 bytes)
1494329965.607614 sending message 105 to peer 0x7fa6b101d000 (22 bytes)
1494329965.607617 sending message 105 to peer 0x7fa6b101d000 (17 bytes)
1494329965.607620 sending message 105 to peer 0x7fa6b101d000 (15 bytes)
1494329965.607624 sending message 106 to peer 0x7fa6b101d000 (0 bytes)
1494329965.607629 sending message 200 to peer 0x7fa6b101d000 (16 bytes)
1494329965.607633 client loop enter
1494329965.632857 peer 0x7fa6b101d000 message 207
1494329965.632882 sending message 208 to peer 0x7fa6b101d000 (0 bytes)
1494329966.239842 peer 0x7fa6b101d000 message 203
1494329966.239851 sending message 205 to peer 0x7fa6b101d000 (0 bytes)
1494329966.240046 peer 0x7fa6b101d000 message 204
1494329966.240050 client loop exit
